<?xml version="1.0" encoding="UTF-8"?>
<Site BuildName="(empty)"
	BuildStamp="20250521-1734-Experimental"
	Name="olha"
	Generator="ctest-3.22.1"
	CompilerName="/usr/bin/g++"
	CompilerVersion="11.4.0"
	OSName="Linux"
	Hostname="olha"
	OSRelease="6.8.0-59-generic"
	OSVersion="#61~22.04.1-Ubuntu SMP PREEMPT_DYNAMIC Tue Apr 15 17:03:15 UTC 2"
	OSPlatform="x86_64"
	Is64Bits="1"
	VendorString="GenuineIntel"
	VendorID="Intel Corporation"
	FamilyID="6"
	ModelID="126"
	ProcessorCacheSize="6144"
	NumberOfLogicalCPU="4"
	NumberOfPhysicalCPU="4"
	TotalVirtualMemory="3897"
	TotalPhysicalMemory="5916"
	LogicalProcessorsPerPhysical="1"
	ProcessorClockFrequency="1996.8"
	>
	<Testing>
		<StartDateTime>May 21 20:34 EEST</StartDateTime>
		<StartTestTime>1747848874</StartTestTime>
		<TestList/>
		<EndDateTime>May 21 20:34 EEST</EndDateTime>
		<EndTestTime>1747848874</EndTestTime>
		<ElapsedMinutes>0</ElapsedMinutes>
	</Testing>
</Site>
